<?xml version="1.0" encoding="UTF-8"?>
<coverage generated="1677724457682" clover="3.2.0">
  <project timestamp="1677724457683" name="All files">
    <metrics statements="23" coveredstatements="23" conditionals="11" coveredconditionals="11" methods="4" coveredmethods="4" elements="38" coveredelements="38" complexity="0" loc="23" ncloc="23" packages="2" files="2" classes="2"/>
    <package name="src">
      <metrics statements="23" coveredstatements="23" conditionals="11" coveredconditionals="11" methods="4" coveredmethods="4"/>
      <file name="logging-espree.js" path="/home/usuario/practicas/espree-logging-edwin-plasencia-hernandez-alu0101329888/src/logging-espree.js">
        <metrics statements="23" coveredstatements="23" conditionals="11" coveredconditionals="11" methods="4" coveredmethods="4"/>
        <line num="7" count="6" type="stmt"/>
        <line num="8" count="6" type="stmt"/>
        <line num="10" count="6" type="stmt"/>
        <line num="12" count="6" type="cond" truecount="2" falsecount="0"/>
        <line num="13" count="3" type="stmt"/>
        <line num="14" count="3" type="stmt"/>
        <line num="19" count="9" type="stmt"/>
        <line num="20" count="9" type="stmt"/>
        <line num="22" count="510" type="cond" truecount="5" falsecount="0"/>
        <line num="25" count="21" type="stmt"/>
        <line num="29" count="9" type="stmt"/>
        <line num="33" count="21" type="cond" truecount="2" falsecount="0"/>
        <line num="34" count="21" type="stmt"/>
        <line num="35" count="21" type="stmt"/>
        <line num="36" count="30" type="stmt"/>
        <line num="38" count="21" type="stmt"/>
        <line num="39" count="21" type="stmt"/>
        <line num="40" count="30" type="cond" truecount="2" falsecount="0"/>
        <line num="41" count="12" type="stmt"/>
        <line num="43" count="30" type="stmt"/>
        <line num="45" count="21" type="stmt"/>
        <line num="46" count="21" type="stmt"/>
        <line num="47" count="21" type="stmt"/>
      </file>
    </package>
    <package name="test">
      <metrics statements="0" coveredstatements="0" conditionals="0" coveredconditionals="0" methods="0" coveredmethods="0"/>
      <file name="test-description.mjs" path="/home/usuario/practicas/espree-logging-edwin-plasencia-hernandez-alu0101329888/test/test-description.mjs">
        <metrics statements="0" coveredstatements="0" conditionals="0" coveredconditionals="0" methods="0" coveredmethods="0"/>
      </file>
    </package>
  </project>
</coverage>
