{"/home/usuario/practicas/espree-logging-edwin-plasencia-hernandez-alu0101329888/src/logging-espree.js": {"path":"/home/usuario/practicas/espree-logging-edwin-plasencia-hernandez-alu0101329888/src/logging-espree.js","statementMap":{"0":{"start":{"line":7,"column":14},"end":{"line":7,"column":40}},"1":{"start":{"line":8,"column":2},"end":{"line":8,"column":48}},"2":{"start":{"line":10,"column":15},"end":{"line":10,"column":32}},"3":{"start":{"line":12,"column":2},"end":{"line":15,"column":3}},"4":{"start":{"line":13,"column":4},"end":{"line":13,"column":41}},"5":{"start":{"line":14,"column":4},"end":{"line":14,"column":59}},"6":{"start":{"line":19,"column":14},"end":{"line":19,"column":62}},"7":{"start":{"line":20,"column":2},"end":{"line":28,"column":5}},"8":{"start":{"line":22,"column":10},"end":{"line":26,"column":11}},"9":{"start":{"line":25,"column":14},"end":{"line":25,"column":34}},"10":{"start":{"line":29,"column":2},"end":{"line":29,"column":33}},"11":{"start":{"line":33,"column":15},"end":{"line":33,"column":62}},"12":{"start":{"line":34,"column":13},"end":{"line":34,"column":15}},"13":{"start":{"line":35,"column":2},"end":{"line":37,"column":3}},"14":{"start":{"line":36,"column":4},"end":{"line":36,"column":30}},"15":{"start":{"line":38,"column":19},"end":{"line":38,"column":57}},"16":{"start":{"line":39,"column":2},"end":{"line":44,"column":3}},"17":{"start":{"line":40,"column":4},"end":{"line":42,"column":5}},"18":{"start":{"line":41,"column":6},"end":{"line":41,"column":25}},"19":{"start":{"line":43,"column":4},"end":{"line":43,"column":39}},"20":{"start":{"line":45,"column":2},"end":{"line":45,"column":60}},"21":{"start":{"line":46,"column":22},"end":{"line":46,"column":81}},"22":{"start":{"line":47,"column":2},"end":{"line":47,"column":54}}},"fnMap":{"0":{"name":"transpile","decl":{"start":{"line":6,"column":22},"end":{"line":6,"column":31}},"loc":{"start":{"line":6,"column":55},"end":{"line":16,"column":1}},"line":6},"1":{"name":"addLogging","decl":{"start":{"line":18,"column":16},"end":{"line":18,"column":26}},"loc":{"start":{"line":18,"column":33},"end":{"line":30,"column":1}},"line":18},"2":{"name":"(anonymous_2)","decl":{"start":{"line":21,"column":13},"end":{"line":21,"column":14}},"loc":{"start":{"line":21,"column":36},"end":{"line":27,"column":7}},"line":21},"3":{"name":"addBeforeCode","decl":{"start":{"line":32,"column":9},"end":{"line":32,"column":22}},"loc":{"start":{"line":32,"column":29},"end":{"line":48,"column":1}},"line":32}},"branchMap":{"0":{"loc":{"start":{"line":12,"column":2},"end":{"line":15,"column":3}},"type":"if","locations":[{"start":{"line":12,"column":2},"end":{"line":15,"column":3}},{"start":{},"end":{}}],"line":12},"1":{"loc":{"start":{"line":22,"column":10},"end":{"line":26,"column":11}},"type":"if","locations":[{"start":{"line":22,"column":10},"end":{"line":26,"column":11}},{"start":{},"end":{}}],"line":22},"2":{"loc":{"start":{"line":22,"column":14},"end":{"line":24,"column":53}},"type":"binary-expr","locations":[{"start":{"line":22,"column":14},"end":{"line":22,"column":49}},{"start":{"line":23,"column":14},"end":{"line":23,"column":48}},{"start":{"line":24,"column":14},"end":{"line":24,"column":53}}],"line":22},"3":{"loc":{"start":{"line":33,"column":15},"end":{"line":33,"column":62}},"type":"cond-expr","locations":[{"start":{"line":33,"column":25},"end":{"line":33,"column":37}},{"start":{"line":33,"column":40},"end":{"line":33,"column":62}}],"line":33},"4":{"loc":{"start":{"line":40,"column":4},"end":{"line":42,"column":5}},"type":"if","locations":[{"start":{"line":40,"column":4},"end":{"line":42,"column":5}},{"start":{},"end":{}}],"line":40}},"s":{"0":6,"1":6,"2":6,"3":6,"4":3,"5":3,"6":9,"7":9,"8":510,"9":21,"10":9,"11":21,"12":21,"13":21,"14":30,"15":21,"16":21,"17":30,"18":12,"19":30,"20":21,"21":21,"22":21},"f":{"0":6,"1":9,"2":510,"3":21},"b":{"0":[3,3],"1":[21,489],"2":[510,501,492],"3":[9,12],"4":[12,18]},"_coverageSchema":"1a1c01bbd47fc00a2c39e90264f33305004495a9","hash":"4c32696e70982065fb083650d63c5fffb123063c"}
,"/home/usuario/practicas/espree-logging-edwin-plasencia-hernandez-alu0101329888/test/test-description.mjs": {"path":"/home/usuario/practicas/espree-logging-edwin-plasencia-hernandez-alu0101329888/test/test-description.mjs","statementMap":{},"fnMap":{},"branchMap":{},"s":{},"f":{},"b":{},"inputSourceMap":null,"_coverageSchema":"1a1c01bbd47fc00a2c39e90264f33305004495a9","hash":"4a6621045a2d3a716769ddb80f19e7337c9ab966"}
}
