TN:
SF:src/logging-espree.js
FN:6,transpile
FN:18,addLogging
FN:21,(anonymous_2)
FN:32,addBeforeCode
FNF:4
FNH:4
FNDA:6,transpile
FNDA:9,addLogging
FNDA:510,(anonymous_2)
FNDA:21,addBeforeCode
DA:7,6
DA:8,6
DA:10,6
DA:12,6
DA:13,3
DA:14,3
DA:19,9
DA:20,9
DA:22,510
DA:25,21
DA:29,9
DA:33,21
DA:34,21
DA:35,21
DA:36,30
DA:38,21
DA:39,21
DA:40,30
DA:41,12
DA:43,30
DA:45,21
DA:46,21
DA:47,21
LF:23
LH:23
BRDA:12,0,0,3
BRDA:12,0,1,3
BRDA:22,1,0,21
BRDA:22,1,1,489
BRDA:22,2,0,510
BRDA:22,2,1,501
BRDA:22,2,2,492
BRDA:33,3,0,9
BRDA:33,3,1,12
BRDA:40,4,0,12
BRDA:40,4,1,18
BRF:11
BRH:11
end_of_record
TN:
SF:test/test-description.mjs
FNF:0
FNH:0
LF:0
LH:0
BRF:0
BRH:0
end_of_record
